c:\users\hjawad\source\repos\evil\evil\x64\release\evil.pch
c:\users\hjawad\source\repos\evil\evil\x64\release\vc141.pdb
c:\users\hjawad\source\repos\evil\evil\x64\release\stdafx.obj
c:\users\hjawad\source\repos\evil\evil\x64\release\evil.obj
c:\users\hjawad\source\repos\evil\evil\x64\release\dllmain.obj
c:\users\hjawad\onedrive - activecyber\activelabs\teamspeak\evil\evil\x64\release\evil.pch
c:\users\hjawad\onedrive - activecyber\activelabs\teamspeak\evil\evil\x64\release\vc141.pdb
c:\users\hjawad\onedrive - activecyber\activelabs\teamspeak\evil\evil\x64\release\stdafx.obj
c:\users\hjawad\onedrive - activecyber\activelabs\teamspeak\evil\evil\x64\release\evil.obj
c:\users\hjawad\onedrive - activecyber\activelabs\teamspeak\evil\evil\x64\release\dllmain.obj
c:\users\hjawad\source\repos\evil\x64\release\evil.lib
c:\users\hjawad\source\repos\evil\x64\release\evil.exp
c:\users\hjawad\source\repos\evil\x64\release\evil.ipdb
c:\users\hjawad\source\repos\evil\x64\release\evil.iobj
c:\users\hjawad\onedrive - activecyber\activelabs\teamspeak\evil\x64\release\evil.lib
c:\users\hjawad\onedrive - activecyber\activelabs\teamspeak\evil\x64\release\evil.exp
c:\users\hjawad\onedrive - activecyber\activelabs\teamspeak\evil\x64\release\evil.ipdb
c:\users\hjawad\onedrive - activecyber\activelabs\teamspeak\evil\x64\release\evil.iobj
c:\users\hjawad\source\repos\evil\x64\release\evil.dll
c:\users\hjawad\source\repos\evil\x64\release\evil.pdb
c:\users\hjawad\onedrive - activecyber\activelabs\teamspeak\evil\x64\release\evil.dll
c:\users\hjawad\onedrive - activecyber\activelabs\teamspeak\evil\x64\release\evil.pdb
c:\users\hjawad\onedrive - activecyber\activelabs\teamspeak\evil\evil\x64\release\evil.tlog\cl.command.1.tlog
c:\users\hjawad\onedrive - activecyber\activelabs\teamspeak\evil\evil\x64\release\evil.tlog\cl.read.1.tlog
c:\users\hjawad\onedrive - activecyber\activelabs\teamspeak\evil\evil\x64\release\evil.tlog\cl.write.1.tlog
c:\users\hjawad\onedrive - activecyber\activelabs\teamspeak\evil\evil\x64\release\evil.tlog\evil.write.1u.tlog
c:\users\hjawad\onedrive - activecyber\activelabs\teamspeak\evil\evil\x64\release\evil.tlog\link.command.1.tlog
c:\users\hjawad\onedrive - activecyber\activelabs\teamspeak\evil\evil\x64\release\evil.tlog\link.delete.1.tlog
c:\users\hjawad\onedrive - activecyber\activelabs\teamspeak\evil\evil\x64\release\evil.tlog\link.read.1.tlog
c:\users\hjawad\onedrive - activecyber\activelabs\teamspeak\evil\evil\x64\release\evil.tlog\link.write.1.tlog
